<?xml version="1.0" encoding="UTF-8"?>
<testsuite name="com.example.management.domain.OrderDomainTest$OrderInvariants" tests="3" skipped="0" failures="0" errors="0" timestamp="2026-02-04T12:51:44.759Z" hostname="RubenS" time="0.015">
  <properties/>
  <testcase name="cannotCreateOrderWithoutLines()" classname="com.example.management.domain.OrderDomainTest$OrderInvariants" time="0.002"/>
  <testcase name="cannotCreateOrderWithNullArguments()" classname="com.example.management.domain.OrderDomainTest$OrderInvariants" time="0.003"/>
  <testcase name="orderTotalIsSumOfLineSubtotals()" classname="com.example.management.domain.OrderDomainTest$OrderInvariants" time="0.005"/>
  <system-out><![CDATA[]]></system-out>
  <system-err><![CDATA[]]></system-err>
</testsuite>
