<?xml version="1.0" encoding="UTF-8"?>
<testsuite name="com.example.management.domain.OrderDomainTest$OrderLineInvariants" tests="3" skipped="0" failures="0" errors="0" timestamp="2026-02-04T12:51:44.781Z" hostname="RubenS" time="0.012">
  <properties/>
  <testcase name="cannotCreateOrderLineWithNegativePrice()" classname="com.example.management.domain.OrderDomainTest$OrderLineInvariants" time="0.004"/>
  <testcase name="subtotalIsQuantityTimesUnitPrice()" classname="com.example.management.domain.OrderDomainTest$OrderLineInvariants" time="0.001"/>
  <testcase name="cannotCreateOrderLineWithNonPositiveQuantity()" classname="com.example.management.domain.OrderDomainTest$OrderLineInvariants" time="0.003"/>
  <system-out><![CDATA[]]></system-out>
  <system-err><![CDATA[]]></system-err>
</testsuite>
